<?xml version="1.0" encoding="UTF-8"?>
<!-- Generated by org.testng.reporters.JUnitXMLReporter -->
<testsuite hostname="makurule" ignored="3" name="Regression suite 1" tests="1" failures="0" timestamp="01 May 2017 04:56:54 GMT" time="100.93" errors="0">
  <testcase name="test1" time="13.403" classname="firstMavenProject.firstMavenProject.DataDrivenTest"/>
  <testcase name="test1" time="0.0" classname="firstMavenProject.firstMavenProject.TestScenarios">
    <ignored/>
  </testcase> <!-- test1 -->
  <testcase name="test1" time="0.0" classname="firstMavenProject.firstMavenProject.DataDrivenTest1">
    <ignored/>
  </testcase> <!-- test1 -->
  <testcase name="test2" time="0.0" classname="firstMavenProject.firstMavenProject.TestScenarios">
    <ignored/>
  </testcase> <!-- test2 -->
</testsuite> <!-- Regression suite 1 -->
