<?xml version="1.0" encoding="UTF-8"?>
<!-- Generated by org.testng.reporters.JUnitXMLReporter -->
<testsuite hostname="makurule" ignored="2" name="Regression suite 1" tests="3" failures="0" timestamp="29 Apr 2017 09:07:22 GMT" time="30.228" errors="0">
  <testcase name="test1" time="6.555" classname="firstMavenProject.firstMavenProject.DataDrivenTest1"/>
  <testcase name="test1" time="0.468" classname="firstMavenProject.firstMavenProject.DataDrivenTest1"/>
  <testcase name="test1" time="1.991" classname="firstMavenProject.firstMavenProject.DataDrivenTest1"/>
  <testcase name="test1" time="0.0" classname="firstMavenProject.firstMavenProject.TestScenarios">
    <ignored/>
  </testcase> <!-- test1 -->
  <testcase name="test2" time="0.0" classname="firstMavenProject.firstMavenProject.TestScenarios">
    <ignored/>
  </testcase> <!-- test2 -->
</testsuite> <!-- Regression suite 1 -->
