<?xml version="1.0" encoding="UTF-8"?>
<testng-results skipped="0" failed="0" ignored="2" total="5" passed="3">
  <reporter-output>
  </reporter-output>
  <suite name="example suite 1" duration-ms="30228" started-at="2017-04-29T09:06:52Z" finished-at="2017-04-29T09:07:22Z">
    <groups>
    </groups>
    <test name="Regression suite 1" duration-ms="30228" started-at="2017-04-29T09:06:52Z" finished-at="2017-04-29T09:07:22Z">
      <class name="firstMavenProject.firstMavenProject.DataDrivenTest1">
        <test-method status="PASS" signature="setup()[pri:0, instance:firstMavenProject.firstMavenProject.DataDrivenTest1@df4efb]" name="setup" is-config="true" duration-ms="19365" started-at="2017-04-29T14:36:52Z" finished-at="2017-04-29T14:37:11Z">
          <reporter-output>
          </reporter-output>
        </test-method> <!-- setup -->
        <test-method status="PASS" signature="test1(java.lang.String, java.lang.String)[pri:0, instance:firstMavenProject.firstMavenProject.DataDrivenTest1@df4efb]" name="test1" duration-ms="6555" started-at="2017-04-29T14:37:11Z" description="validate login with Invalid credentials" data-provider="testData" finished-at="2017-04-29T14:37:18Z">
          <params>
            <param index="0">
              <value>
                <![CDATA[first]]>
              </value>
            </param>
            <param index="1">
              <value>
                <![CDATA[sdfdsf]]>
              </value>
            </param>
          </params>
          <reporter-output>
          </reporter-output>
        </test-method> <!-- test1 -->
        <test-method status="PASS" signature="test1(java.lang.String, java.lang.String)[pri:0, instance:firstMavenProject.firstMavenProject.DataDrivenTest1@df4efb]" name="test1" duration-ms="468" started-at="2017-04-29T14:37:18Z" description="validate login with Invalid credentials" data-provider="testData" finished-at="2017-04-29T14:37:18Z">
          <params>
            <param index="0">
              <value>
                <![CDATA[second]]>
              </value>
            </param>
            <param index="1">
              <value>
                <![CDATA[sdfdsf]]>
              </value>
            </param>
          </params>
          <reporter-output>
          </reporter-output>
        </test-method> <!-- test1 -->
        <test-method status="PASS" signature="test1(java.lang.String, java.lang.String)[pri:0, instance:firstMavenProject.firstMavenProject.DataDrivenTest1@df4efb]" name="test1" duration-ms="1991" started-at="2017-04-29T14:37:18Z" description="validate login with Invalid credentials" data-provider="testData" finished-at="2017-04-29T14:37:20Z">
          <params>
            <param index="0">
              <value>
                <![CDATA[third]]>
              </value>
            </param>
            <param index="1">
              <value>
                <![CDATA[sdfdsf]]>
              </value>
            </param>
          </params>
          <reporter-output>
          </reporter-output>
        </test-method> <!-- test1 -->
        <test-method status="PASS" signature="teardown()[pri:0, instance:firstMavenProject.firstMavenProject.DataDrivenTest1@df4efb]" name="teardown" is-config="true" duration-ms="1787" started-at="2017-04-29T14:37:20Z" finished-at="2017-04-29T14:37:22Z">
          <reporter-output>
          </reporter-output>
        </test-method> <!-- teardown -->
      </class> <!-- firstMavenProject.firstMavenProject.DataDrivenTest1 -->
    </test> <!-- Regression suite 1 -->
  </suite> <!-- example suite 1 -->
</testng-results>
