<?xml version="1.0" encoding="UTF-8"?>
<testng-results skipped="0" failed="0" ignored="3" total="4" passed="1">
  <reporter-output>
  </reporter-output>
  <suite name="example suite 1" duration-ms="100930" started-at="2017-05-01T04:55:13Z" finished-at="2017-05-01T04:56:54Z">
    <groups>
    </groups>
    <test name="Regression suite 1" duration-ms="100930" started-at="2017-05-01T04:55:13Z" finished-at="2017-05-01T04:56:54Z">
      <class name="firstMavenProject.firstMavenProject.DataDrivenTest">
        <test-method status="PASS" signature="setup()[pri:0, instance:firstMavenProject.firstMavenProject.DataDrivenTest@19f99ea]" name="setup" is-config="true" duration-ms="17490" started-at="2017-05-01T10:26:16Z" finished-at="2017-05-01T10:26:34Z">
          <reporter-output>
          </reporter-output>
        </test-method> <!-- setup -->
        <test-method status="PASS" signature="test1()[pri:0, instance:firstMavenProject.firstMavenProject.DataDrivenTest@19f99ea]" name="test1" duration-ms="13403" started-at="2017-05-01T10:26:34Z" description="validate login with Invalid credentials" finished-at="2017-05-01T10:26:47Z">
          <reporter-output>
          </reporter-output>
        </test-method> <!-- test1 -->
        <test-method status="PASS" signature="teardown()[pri:0, instance:firstMavenProject.firstMavenProject.DataDrivenTest@19f99ea]" name="teardown" is-config="true" duration-ms="5349" started-at="2017-05-01T10:26:47Z" finished-at="2017-05-01T10:26:53Z">
          <reporter-output>
          </reporter-output>
        </test-method> <!-- teardown -->
      </class> <!-- firstMavenProject.firstMavenProject.DataDrivenTest -->
      <class name="firstMavenProject.firstMavenProject.DataDrivenTest1">
        <test-method status="PASS" signature="setup()[pri:0, instance:firstMavenProject.firstMavenProject.DataDrivenTest1@e45eb6]" name="setup" is-config="true" duration-ms="63403" started-at="2017-05-01T10:25:13Z" finished-at="2017-05-01T10:26:16Z">
          <reporter-output>
          </reporter-output>
        </test-method> <!-- setup -->
        <test-method status="PASS" signature="teardown()[pri:0, instance:firstMavenProject.firstMavenProject.DataDrivenTest1@e45eb6]" name="teardown" is-config="true" duration-ms="1160" started-at="2017-05-01T10:26:53Z" finished-at="2017-05-01T10:26:54Z">
          <reporter-output>
          </reporter-output>
        </test-method> <!-- teardown -->
      </class> <!-- firstMavenProject.firstMavenProject.DataDrivenTest1 -->
    </test> <!-- Regression suite 1 -->
  </suite> <!-- example suite 1 -->
</testng-results>
